<?xml version="1.0" encoding="UTF-8"?>
<testng-results skipped="0" failed="0" ignored="0" total="4" passed="4">
  <reporter-output>
  </reporter-output>
  <suite name="Surefire suite" duration-ms="25325" started-at="2023-03-25T18:05:44Z" finished-at="2023-03-25T18:06:09Z">
    <groups>
      <group name="cucumber">
        <method signature="AbstractTestNGCucumberTests.runScenario(io.cucumber.testng.PickleWrapper, io.cucumber.testng.FeatureWrapper)[pri:0, instance:runner.TestRunner@490ab905]" name="runScenario" class="io.cucumber.testng.AbstractTestNGCucumberTests"/>
      </group> <!-- cucumber -->
    </groups>
    <test name="Surefire test" duration-ms="25325" started-at="2023-03-25T18:05:44Z" finished-at="2023-03-25T18:06:09Z">
      <class name="runner.TestRunner">
        <test-method status="PASS" signature="setUpClass(org.testng.ITestContext)[pri:0, instance:runner.TestRunner@490ab905]" name="setUpClass" is-config="true" duration-ms="584" started-at="2023-03-25T18:05:44Z" finished-at="2023-03-25T18:05:44Z">
          <params>
            <param index="0">
              <value>
                <![CDATA[org.testng.TestRunner@71df5f30]]>
              </value>
            </param>
          </params>
          <reporter-output>
          </reporter-output>
        </test-method> <!-- setUpClass -->
        <test-method status="PASS" signature="runScenario(io.cucumber.testng.PickleWrapper, io.cucumber.testng.FeatureWrapper)[pri:0, instance:runner.TestRunner@490ab905]" name="runScenario" duration-ms="8178" started-at="2023-03-25T18:05:44Z" description="Runs Cucumber Scenarios" data-provider="scenarios" finished-at="2023-03-25T18:05:53Z">
          <params>
            <param index="0">
              <value>
                <![CDATA["Validate User Registration"]]>
              </value>
            </param>
            <param index="1">
              <value>
                <![CDATA["Medicare UI Validation"]]>
              </value>
            </param>
          </params>
          <reporter-output>
          </reporter-output>
        </test-method> <!-- runScenario -->
        <test-method status="PASS" signature="runScenario(io.cucumber.testng.PickleWrapper, io.cucumber.testng.FeatureWrapper)[pri:0, instance:runner.TestRunner@490ab905]" name="runScenario" duration-ms="5575" started-at="2023-03-25T18:05:53Z" description="Runs Cucumber Scenarios" data-provider="scenarios" finished-at="2023-03-25T18:05:58Z">
          <params>
            <param index="0">
              <value>
                <![CDATA["Validate Paracetamol Product Purchase"]]>
              </value>
            </param>
            <param index="1">
              <value>
                <![CDATA["Medicare UI Validation"]]>
              </value>
            </param>
          </params>
          <reporter-output>
          </reporter-output>
        </test-method> <!-- runScenario -->
        <test-method status="PASS" signature="runScenario(io.cucumber.testng.PickleWrapper, io.cucumber.testng.FeatureWrapper)[pri:0, instance:runner.TestRunner@490ab905]" name="runScenario" duration-ms="5142" started-at="2023-03-25T18:05:58Z" description="Runs Cucumber Scenarios" data-provider="scenarios" finished-at="2023-03-25T18:06:03Z">
          <params>
            <param index="0">
              <value>
                <![CDATA["Add a category and verify in database"]]>
              </value>
            </param>
            <param index="1">
              <value>
                <![CDATA["Medicare UI Validation"]]>
              </value>
            </param>
          </params>
          <reporter-output>
          </reporter-output>
        </test-method> <!-- runScenario -->
        <test-method status="PASS" signature="runScenario(io.cucumber.testng.PickleWrapper, io.cucumber.testng.FeatureWrapper)[pri:0, instance:runner.TestRunner@490ab905]" name="runScenario" duration-ms="4582" started-at="2023-03-25T18:06:03Z" description="Runs Cucumber Scenarios" data-provider="scenarios" finished-at="2023-03-25T18:06:08Z">
          <params>
            <param index="0">
              <value>
                <![CDATA["Select a Category in the UI and also through API call then verify the products are displayed correctly in the UI results and API JSON response"]]>
              </value>
            </param>
            <param index="1">
              <value>
                <![CDATA["Medicare UI Validation"]]>
              </value>
            </param>
          </params>
          <reporter-output>
          </reporter-output>
        </test-method> <!-- runScenario -->
        <test-method status="PASS" signature="tearDownClass()[pri:0, instance:runner.TestRunner@490ab905]" name="tearDownClass" is-config="true" duration-ms="1252" started-at="2023-03-25T18:06:08Z" finished-at="2023-03-25T18:06:09Z">
          <reporter-output>
          </reporter-output>
        </test-method> <!-- tearDownClass -->
      </class> <!-- runner.TestRunner -->
    </test> <!-- Surefire test -->
  </suite> <!-- Surefire suite -->
</testng-results>
