<?xml version="1.0" encoding="UTF-8"?>
<testsuite xmlns:xsi="http://www.w3.org/2001/XMLSchema-instance" xsi:noNamespaceSchemaLocation="https://maven.apache.org/surefire/maven-surefire-plugin/xsd/surefire-test-report-3.0.xsd" version="3.0" name="runner.TestRunner" time="25.569" tests="4" errors="0" skipped="0" failures="0">
  <properties>
[...]
</properties>
  <testcase name="runScenario[&quot;Validate User Registration&quot;, &quot;Medicare UI Validation&quot;](1)" classname="runner.TestRunner" time="8.178">
    <system-out><![CDATA[
@Registration
Scenario: Validate User Registration                                       # src/test/java/features/medicare.feature:4
  Given user click SignUp button                                           # stepsDefs.UserRegistration.user_click_sign_up_button()
  When user enters basic information and navigates to Billing page         # stepsDefs.UserRegistration.user_enters_basic_information_and_navigates_to_billing_page(io.cucumber.datatable.DataTable)
    | Kiki | cat | ji@gmail.com | 1112223334 | hello123 |
  And user enters address information and navigates to confirmation screen # stepsDefs.UserRegistration.user_enters_address_information_and_navigates_to_confirmation_screen(io.cucumber.datatable.DataTable)
    | 007 | 1st cross | CityX | 111 | StateX | CountryX |
  And user clicks confirm button                                           # stepsDefs.UserRegistration.user_clicks_confirm_button()
  And user click Login Here button                                         # stepsDefs.UserRegistration.user_click_login_here_button()
  And user enter username and password and clicks Login button             # stepsDefs.UserRegistration.user_enter_username_and_password_and_clicks_login_button(io.cucumber.datatable.DataTable)
    | ji@gmail.com | hello123 |
  Then "Medicare - Home" page should be displayed                          # stepsDefs.UserRegistration.page_should_be_displayed(java.lang.String)
]]></system-out>
    <system-err><![CDATA[SLF4J: No SLF4J providers were found.
SLF4J: Defaulting to no-operation (NOP) logger implementation
SLF4J: See https://www.slf4j.org/codes.html#noProviders for further details.
Starting Microsoft Edge WebDriver 111.0.1661.54 (9e410ec23a36266fd1bd72da1ffa52ca0cbfab78) on port 33947
To submit feedback, report a bug, or suggest new features, please visit https://github.com/MicrosoftEdge/EdgeWebDriver

Only local connections are allowed.
Please see https://aka.ms/WebDriverSecurity for suggestions on keeping Microsoft Edge WebDriver safe.

Microsoft Edge WebDriver was started successfully.
Mar 25, 2023 11:35:46 PM org.openqa.selenium.remote.ProtocolHandshake createSession
INFO: Detected dialect: W3C
]]></system-err>
  </testcase>
  <testcase name="runScenario[&quot;Validate Paracetamol Product Purchase&quot;, &quot;Medicare UI Validation&quot;](2)" classname="runner.TestRunner" time="5.573">
    <system-out><![CDATA[
@User
Scenario: Validate Paracetamol Product Purchase                # src/test/java/features/medicare.feature:17
  When users clicks View button for Paracetamol                # stepsDefs.PurchaseProduct.users_clicks_view_button_for_paracetamol()
  And user clicks Add to Cart                                  # stepsDefs.PurchaseProduct.user_clicks_add_to_cart()
  And user clicks Checkout                                     # stepsDefs.PurchaseProduct.user_clicks_checkout()
  And user selects saved shippig address                       # stepsDefs.PurchaseProduct.user_selects_saved_shippig_address()
  And user enters credit card informartion and click pay       # stepsDefs.PurchaseProduct.user_enters_credit_card_informartion_and_click_pay(io.cucumber.datatable.DataTable)
    | 1234567890 | 99 | 3000 | 000 |
  Then "Your Order is Confirmed!!" message should be displayed # stepsDefs.PurchaseProduct.message_should_be_displayed(java.lang.String)
6
list is [2]
2
email id: ji@gmail.com i deleted
]]></system-out>
    <system-err><![CDATA[Starting Microsoft Edge WebDriver 111.0.1661.54 (9e410ec23a36266fd1bd72da1ffa52ca0cbfab78) on port 9384
To submit feedback, report a bug, or suggest new features, please visit https://github.com/MicrosoftEdge/EdgeWebDriver

Only local connections are allowed.
Please see https://aka.ms/WebDriverSecurity for suggestions on keeping Microsoft Edge WebDriver safe.

Microsoft Edge WebDriver was started successfully.
Mar 25, 2023 11:35:54 PM org.openqa.selenium.remote.ProtocolHandshake createSession
INFO: Detected dialect: W3C
]]></system-err>
  </testcase>
  <testcase name="runScenario[&quot;Add a category and verify in database&quot;, &quot;Medicare UI Validation&quot;](3)" classname="runner.TestRunner" time="5.142">
    <system-out><![CDATA[
@Database
Scenario: Add a category and verify in database                                                        # src/test/java/features/medicare.feature:27
  Given user logged in with admin username "vk@gmail.com" and password "admin"                         # stepsDefs.AddingCategory.user_logged_in_with_admin_username_and_password(java.lang.String,java.lang.String)
  When user click on Manage Product and selects Add New Category                                       # stepsDefs.AddingCategory.user_click_on_manage_product_and_selects_add_new_category()
  And user provides Category name and description and saves it                                         # stepsDefs.AddingCategory.user_provides_category_name_and_description_and_saves_it(io.cucumber.datatable.DataTable)
    | Mycategory001 | MyCategorydesc002 |
category is Antipyretics  description is This is for reducing fever or pyrexia or pyresis
category is Analgesics  description is This is for reducing pain known as painkillers
category is Antibiotics  description is This is for inhibiting germ growth
category is Mycategory001  description is MyCategorydesc002
  Then verify category "Mycategory001" and description "MyCategorydesc002" should be saved to database # stepsDefs.AddingCategory.verify_category_and_description_should_be_saved_to_database(java.lang.String,java.lang.String)
category is deleted
]]></system-out>
    <system-err><![CDATA[Starting Microsoft Edge WebDriver 111.0.1661.54 (9e410ec23a36266fd1bd72da1ffa52ca0cbfab78) on port 28865
To submit feedback, report a bug, or suggest new features, please visit https://github.com/MicrosoftEdge/EdgeWebDriver

Only local connections are allowed.
Please see https://aka.ms/WebDriverSecurity for suggestions on keeping Microsoft Edge WebDriver safe.

Microsoft Edge WebDriver was started successfully.
Mar 25, 2023 11:35:59 PM org.openqa.selenium.remote.ProtocolHandshake createSession
INFO: Detected dialect: W3C
]]></system-err>
  </testcase>
  <testcase name="runScenario[&quot;Select a Category in the UI and also through API call then verify the products are displayed correctly in the UI results and API JSON response&quot;, &quot;Medicare UI Validation&quot;](4)" classname="runner.TestRunner" time="4.584">
    <system-out><![CDATA[
@APITesting
Scenario: Select a Category in the UI and also through API call then verify the products are displayed correctly in the UI results and API JSON response   # src/test/java/features/medicare.feature:35
  When user selects "Antipyretics" category in the UI                                                                                                      # stepsDefs.APITesting.user_selects_category_in_the_ui(java.lang.String)
  And user also sends the API call "http://localhost:8080/medicare/json/data/category/1/products?_=1679496302555" to the products list under same category # stepsDefs.APITesting.user_also_sends_the_api_call_to_the_products_list_under_same_category(java.lang.String)
  Then following products should be displayed in the results of UI and API JSON response                                                                   # stepsDefs.APITesting.following_products_should_be_displayed_in_the_results_of_ui_and_api_json_response(io.cucumber.datatable.DataTable)
    | Paracetamol | Combiflame |
]]></system-out>
    <system-err><![CDATA[Starting Microsoft Edge WebDriver 111.0.1661.54 (9e410ec23a36266fd1bd72da1ffa52ca0cbfab78) on port 7457
To submit feedback, report a bug, or suggest new features, please visit https://github.com/MicrosoftEdge/EdgeWebDriver

Only local connections are allowed.
Please see https://aka.ms/WebDriverSecurity for suggestions on keeping Microsoft Edge WebDriver safe.

Microsoft Edge WebDriver was started successfully.
Mar 25, 2023 11:36:04 PM org.openqa.selenium.remote.ProtocolHandshake createSession
INFO: Detected dialect: W3C
]]></system-err>
  </testcase>
</testsuite>