<?xml version="1.0" encoding="UTF-8"?>
<testng-results skipped="0" failed="0" ignored="0" total="4" passed="4">
  <reporter-output>
  </reporter-output>
  <suite name="Default suite" duration-ms="24965" started-at="2023-03-24T18:54:33Z" finished-at="2023-03-24T18:54:58Z">
    <groups>
      <group name="cucumber">
        <method signature="AbstractTestNGCucumberTests.runScenario(io.cucumber.testng.PickleWrapper, io.cucumber.testng.FeatureWrapper)[pri:0, instance:runner.TestRunner@61dd025]" name="runScenario" class="io.cucumber.testng.AbstractTestNGCucumberTests"/>
      </group> <!-- cucumber -->
    </groups>
    <test name="Default test" duration-ms="24965" started-at="2023-03-24T18:54:33Z" finished-at="2023-03-24T18:54:58Z">
      <class name="runner.TestRunner">
        <test-method status="PASS" signature="setUpClass(org.testng.ITestContext)[pri:0, instance:runner.TestRunner@61dd025]" name="setUpClass" is-config="true" duration-ms="575" started-at="2023-03-24T18:54:33Z" finished-at="2023-03-24T18:54:34Z">
          <params>
            <param index="0">
              <value>
                <![CDATA[org.testng.TestRunner@37753b69]]>
              </value>
            </param>
          </params>
          <reporter-output>
          </reporter-output>
        </test-method> <!-- setUpClass -->
        <test-method status="PASS" signature="runScenario(io.cucumber.testng.PickleWrapper, io.cucumber.testng.FeatureWrapper)[pri:0, instance:runner.TestRunner@61dd025]" name="runScenario" duration-ms="8231" started-at="2023-03-24T18:54:34Z" description="Runs Cucumber Scenarios" data-provider="scenarios" finished-at="2023-03-24T18:54:42Z">
          <params>
            <param index="0">
              <value>
                <![CDATA["Validate User Registration"]]>
              </value>
            </param>
            <param index="1">
              <value>
                <![CDATA["Medicare UI Validation"]]>
              </value>
            </param>
          </params>
          <reporter-output>
          </reporter-output>
        </test-method> <!-- runScenario -->
        <test-method status="PASS" signature="runScenario(io.cucumber.testng.PickleWrapper, io.cucumber.testng.FeatureWrapper)[pri:0, instance:runner.TestRunner@61dd025]" name="runScenario" duration-ms="5697" started-at="2023-03-24T18:54:42Z" description="Runs Cucumber Scenarios" data-provider="scenarios" finished-at="2023-03-24T18:54:48Z">
          <params>
            <param index="0">
              <value>
                <![CDATA["Validate Paracetamol Product Purchase"]]>
              </value>
            </param>
            <param index="1">
              <value>
                <![CDATA["Medicare UI Validation"]]>
              </value>
            </param>
          </params>
          <reporter-output>
          </reporter-output>
        </test-method> <!-- runScenario -->
        <test-method status="PASS" signature="runScenario(io.cucumber.testng.PickleWrapper, io.cucumber.testng.FeatureWrapper)[pri:0, instance:runner.TestRunner@61dd025]" name="runScenario" duration-ms="4679" started-at="2023-03-24T18:54:48Z" description="Runs Cucumber Scenarios" data-provider="scenarios" finished-at="2023-03-24T18:54:53Z">
          <params>
            <param index="0">
              <value>
                <![CDATA["Add a category and verify in database"]]>
              </value>
            </param>
            <param index="1">
              <value>
                <![CDATA["Medicare UI Validation"]]>
              </value>
            </param>
          </params>
          <reporter-output>
          </reporter-output>
        </test-method> <!-- runScenario -->
        <test-method status="PASS" signature="runScenario(io.cucumber.testng.PickleWrapper, io.cucumber.testng.FeatureWrapper)[pri:0, instance:runner.TestRunner@61dd025]" name="runScenario" duration-ms="4654" started-at="2023-03-24T18:54:53Z" description="Runs Cucumber Scenarios" data-provider="scenarios" finished-at="2023-03-24T18:54:57Z">
          <params>
            <param index="0">
              <value>
                <![CDATA["Select a Category in the UI and also through API call then verify the products are displayed correctly in the UI results and API JSON response"]]>
              </value>
            </param>
            <param index="1">
              <value>
                <![CDATA["Medicare UI Validation"]]>
              </value>
            </param>
          </params>
          <reporter-output>
          </reporter-output>
        </test-method> <!-- runScenario -->
        <test-method status="PASS" signature="tearDownClass()[pri:0, instance:runner.TestRunner@61dd025]" name="tearDownClass" is-config="true" duration-ms="1115" started-at="2023-03-24T18:54:57Z" finished-at="2023-03-24T18:54:58Z">
          <reporter-output>
          </reporter-output>
        </test-method> <!-- tearDownClass -->
      </class> <!-- runner.TestRunner -->
    </test> <!-- Default test -->
  </suite> <!-- Default suite -->
</testng-results>
